# JRE version: Java(TM) SE Runtime Environment (8.0_101-b13) (build 1.8.0_101-b13)
# Java VM: Java HotSpot(TM) 64-Bit Server VM (25.101-b13 mixed mode windows-amd64 compressed oops)
Heap:
 PSYoungGen      total 89088K, used 33503K [0x00000000d5580000, 0x00000000dd200000, 0x0000000100000000)
  eden space 76800K, 27% used [0x00000000d5580000,0x00000000d6a3f530,0x00000000da080000)
  from space 12288K, 99% used [0x00000000da080000,0x00000000dac78a98,0x00000000dac80000)
  to   space 14848K, 0% used [0x00000000dc380000,0x00000000dc380000,0x00000000dd200000)
 ParOldGen       total 79872K, used 18661K [0x0000000080000000, 0x0000000084e00000, 0x00000000d5580000)
  object space 79872K, 23% used [0x0000000080000000,0x0000000081239700,0x0000000084e00000)
 Metaspace       used 47635K, capacity 48934K, committed 49152K, reserved 1091584K
  class space    used 6528K, capacity 6828K, committed 6912K, reserved 1048576K
GC Heap History (10 events):
Event: 17.218 GC heap before
{Heap before GC invocations=13 (full 2):
 PSYoungGen      total 56320K, used 9201K [0x00000000d5580000, 0x00000000da800000, 0x0000000100000000)
  eden space 47104K, 0% used [0x00000000d5580000,0x00000000d5580000,0x00000000d8380000)
  from space 9216K, 99% used [0x00000000d8380000,0x00000000d8c7c558,0x00000000d8c80000)
  to   space 10752K, 0% used [0x00000000d9d80000,0x00000000d9d80000,0x00000000da800000)
 ParOldGen       total 53248K, used 9786K [0x0000000080000000, 0x0000000083400000, 0x00000000d5580000)
  object space 53248K, 18% used [0x0000000080000000,0x000000008098e990,0x0000000083400000)
 Metaspace       used 34641K, capacity 35228K, committed 35456K, reserved 1079296K
  class space    used 4723K, capacity 4904K, committed 4992K, reserved 1048576K
Event: 17.426 GC heap after
Heap after GC invocations=13 (full 2):
 PSYoungGen      total 56320K, used 0K [0x00000000d5580000, 0x00000000da800000, 0x0000000100000000)
  eden space 47104K, 0% used [0x00000000d5580000,0x00000000d5580000,0x00000000d8380000)
  from space 9216K, 0% used [0x00000000d8380000,0x00000000d8380000,0x00000000d8c80000)
  to   space 10752K, 0% used [0x00000000d9d80000,0x00000000d9d80000,0x00000000da800000)
 ParOldGen       total 79872K, used 16126K [0x0000000080000000, 0x0000000084e00000, 0x00000000d5580000)
  object space 79872K, 20% used [0x0000000080000000,0x0000000080fbfbf8,0x0000000084e00000)
 Metaspace       used 34641K, capacity 35228K, committed 35456K, reserved 1079296K
  class space    used 4723K, capacity 4904K, committed 4992K, reserved 1048576K
}
Event: 18.197 GC heap before
{Heap before GC invocations=14 (full 2):
 PSYoungGen      total 56320K, used 47104K [0x00000000d5580000, 0x00000000da800000, 0x0000000100000000)
  eden space 47104K, 100% used [0x00000000d5580000,0x00000000d8380000,0x00000000d8380000)
  from space 9216K, 0% used [0x00000000d8380000,0x00000000d8380000,0x00000000d8c80000)
  to   space 10752K, 0% used [0x00000000d9d80000,0x00000000d9d80000,0x00000000da800000)
 ParOldGen       total 79872K, used 16126K [0x0000000080000000, 0x0000000084e00000, 0x00000000d5580000)
  object space 79872K, 20% used [0x0000000080000000,0x0000000080fbfbf8,0x0000000084e00000)
 Metaspace       used 37512K, capacity 38202K, committed 38656K, reserved 1083392K
  class space    used 5105K, capacity 5284K, committed 5376K, reserved 1048576K
Event: 18.213 GC heap after
Heap after GC invocations=14 (full 2):
 PSYoungGen      total 69632K, used 5993K [0x00000000d5580000, 0x00000000da580000, 0x0000000100000000)
  eden space 61440K, 0% used [0x00000000d5580000,0x00000000d5580000,0x00000000d9180000)
  from space 8192K, 73% used [0x00000000d9d80000,0x00000000da35a7f0,0x00000000da580000)
  to   space 10240K, 0% used [0x00000000d9180000,0x00000000d9180000,0x00000000d9b80000)
 ParOldGen       total 79872K, used 16134K [0x0000000080000000, 0x0000000084e00000, 0x00000000d5580000)
  object space 79872K, 20% used [0x0000000080000000,0x0000000080fc1bf8,0x0000000084e00000)
 Metaspace       used 37512K, capacity 38202K, committed 38656K, reserved 1083392K
  class space    used 5105K, capacity 5284K, committed 5376K, reserved 1048576K
}
Event: 20.918 GC heap before
{Heap before GC invocations=15 (full 2):
 PSYoungGen      total 69632K, used 67433K [0x00000000d5580000, 0x00000000da580000, 0x0000000100000000)
  eden space 61440K, 100% used [0x00000000d5580000,0x00000000d9180000,0x00000000d9180000)
  from space 8192K, 73% used [0x00000000d9d80000,0x00000000da35a7f0,0x00000000da580000)
  to   space 10240K, 0% used [0x00000000d9180000,0x00000000d9180000,0x00000000d9b80000)
 ParOldGen       total 79872K, used 16134K [0x0000000080000000, 0x0000000084e00000, 0x00000000d5580000)
  object space 79872K, 20% used [0x0000000080000000,0x0000000080fc1bf8,0x0000000084e00000)
 Metaspace       used 42766K, capacity 43622K, committed 43776K, reserved 1087488K
  class space    used 5852K, capacity 6086K, committed 6144K, reserved 1048576K
Event: 20.935 GC heap after
Heap after GC invocations=15 (full 2):
 PSYoungGen      total 71680K, used 9537K [0x00000000d5580000, 0x00000000db780000, 0x0000000100000000)
  eden space 61440K, 0% used [0x00000000d5580000,0x00000000d5580000,0x00000000d9180000)
  from space 10240K, 93% used [0x00000000d9180000,0x00000000d9ad0460,0x00000000d9b80000)
  to   space 11264K, 0% used [0x00000000dac80000,0x00000000dac80000,0x00000000db780000)
 ParOldGen       total 79872K, used 16142K [0x0000000080000000, 0x0000000084e00000, 0x00000000d5580000)
  object space 79872K, 20% used [0x0000000080000000,0x0000000080fc3bf8,0x0000000084e00000)
 Metaspace       used 42766K, capacity 43622K, committed 43776K, reserved 1087488K
  class space    used 5852K, capacity 6086K, committed 6144K, reserved 1048576K
}
Event: 21.704 GC heap before
{Heap before GC invocations=16 (full 2):
 PSYoungGen      total 71680K, used 70977K [0x00000000d5580000, 0x00000000db780000, 0x0000000100000000)
  eden space 61440K, 100% used [0x00000000d5580000,0x00000000d9180000,0x00000000d9180000)
  from space 10240K, 93% used [0x00000000d9180000,0x00000000d9ad0460,0x00000000d9b80000)
  to   space 11264K, 0% used [0x00000000dac80000,0x00000000dac80000,0x00000000db780000)
 ParOldGen       total 79872K, used 16142K [0x0000000080000000, 0x0000000084e00000, 0x00000000d5580000)
  object space 79872K, 20% used [0x0000000080000000,0x0000000080fc3bf8,0x0000000084e00000)
 Metaspace       used 43278K, capacity 44146K, committed 44288K, reserved 1087488K
  class space    used 5886K, capacity 6140K, committed 6144K, reserved 1048576K
Event: 21.719 GC heap after
Heap after GC invocations=16 (full 2):
 PSYoungGen      total 88064K, used 10733K [0x00000000d5580000, 0x00000000dba80000, 0x0000000100000000)
  eden space 76800K, 0% used [0x00000000d5580000,0x00000000d5580000,0x00000000da080000)
  from space 11264K, 95% used [0x00000000dac80000,0x00000000db6fb7a0,0x00000000db780000)
  to   space 12288K, 0% used [0x00000000da080000,0x00000000da080000,0x00000000dac80000)
 ParOldGen       total 79872K, used 16150K [0x0000000080000000, 0x0000000084e00000, 0x00000000d5580000)
  object space 79872K, 20% used [0x0000000080000000,0x0000000080fc5bf8,0x0000000084e00000)
 Metaspace       used 43278K, capacity 44146K, committed 44288K, reserved 1087488K
  class space    used 5886K, capacity 6140K, committed 6144K, reserved 1048576K
}
Event: 25.068 GC heap before
{Heap before GC invocations=17 (full 2):
 PSYoungGen      total 88064K, used 87533K [0x00000000d5580000, 0x00000000dba80000, 0x0000000100000000)
  eden space 76800K, 100% used [0x00000000d5580000,0x00000000da080000,0x00000000da080000)
  from space 11264K, 95% used [0x00000000dac80000,0x00000000db6fb7a0,0x00000000db780000)
  to   space 12288K, 0% used [0x00000000da080000,0x00000000da080000,0x00000000dac80000)
 ParOldGen       total 79872K, used 16150K [0x0000000080000000, 0x0000000084e00000, 0x00000000d5580000)
  object space 79872K, 20% used [0x0000000080000000,0x0000000080fc5bf8,0x0000000084e00000)
 Metaspace       used 46748K, capacity 47980K, committed 48256K, reserved 1091584K
  class space    used 6399K, capacity 6687K, committed 6784K, reserved 1048576K
Event: 25.102 GC heap after
Heap after GC invocations=17 (full 2):
 PSYoungGen      total 89088K, used 12258K [0x00000000d5580000, 0x00000000dd200000, 0x0000000100000000)
  eden space 76800K, 0% used [0x00000000d5580000,0x00000000d5580000,0x00000000da080000)
  from space 12288K, 99% used [0x00000000da080000,0x00000000dac78a98,0x00000000dac80000)
  to   space 14848K, 0% used [0x00000000dc380000,0x00000000dc380000,0x00000000dd200000)
 ParOldGen       total 79872K, used 18661K [0x0000000080000000, 0x0000000084e00000, 0x00000000d5580000)
  object space 79872K, 23% used [0x0000000080000000,0x0000000081239700,0x0000000084e00000)
 Metaspace       used 46748K, capacity 47980K, committed 48256K, reserved 1091584K
  class space    used 6399K, capacity 6687K, committed 6784K, reserved 1048576K
}

