# JRE version: Java(TM) SE Runtime Environment (8.0_101-b13) (build 1.8.0_101-b13)
# Java VM: Java HotSpot(TM) 64-Bit Server VM (25.101-b13 mixed mode windows-amd64 compressed oops)
Heap:
 PSYoungGen      total 400384K, used 241032K [0x00000000d5580000, 0x00000000f4180000, 0x0000000100000000)
  eden space 376320K, 60% used [0x00000000d5580000,0x00000000e3336288,0x00000000ec500000)
  from space 24064K, 58% used [0x00000000edc80000,0x00000000eea2c0e0,0x00000000ef400000)
  to   space 24064K, 0% used [0x00000000ec500000,0x00000000ec500000,0x00000000edc80000)
 ParOldGen       total 106496K, used 58171K [0x0000000080000000, 0x0000000086800000, 0x00000000d5580000)
  object space 106496K, 54% used [0x0000000080000000,0x00000000838cef80,0x0000000086800000)
 Metaspace       used 58885K, capacity 60742K, committed 61096K, reserved 1101824K
  class space    used 7877K, capacity 8325K, committed 8368K, reserved 1048576K
GC Heap History (10 events):
Event: 36.477 GC heap before
{Heap before GC invocations=23 (full 3):
 PSYoungGen      total 284672K, used 284640K [0x00000000d5580000, 0x00000000eab00000, 0x0000000100000000)
  eden space 268288K, 100% used [0x00000000d5580000,0x00000000e5b80000,0x00000000e5b80000)
  from space 16384K, 99% used [0x00000000e5b80000,0x00000000e6b780a8,0x00000000e6b80000)
  to   space 18432K, 0% used [0x00000000e9900000,0x00000000e9900000,0x00000000eab00000)
 ParOldGen       total 106496K, used 39576K [0x0000000080000000, 0x0000000086800000, 0x00000000d5580000)
  object space 106496K, 37% used [0x0000000080000000,0x00000000826a63f8,0x0000000086800000)
 Metaspace       used 58798K, capacity 60736K, committed 61096K, reserved 1101824K
  class space    used 7874K, capacity 8324K, committed 8368K, reserved 1048576K
Event: 36.531 GC heap after
Heap after GC invocations=23 (full 3):
 PSYoungGen      total 329728K, used 16352K [0x00000000d5580000, 0x00000000eb300000, 0x0000000100000000)
  eden space 311296K, 0% used [0x00000000d5580000,0x00000000d5580000,0x00000000e8580000)
  from space 18432K, 88% used [0x00000000e9900000,0x00000000ea8f80b8,0x00000000eab00000)
  to   space 19968K, 0% used [0x00000000e8580000,0x00000000e8580000,0x00000000e9900000)
 ParOldGen       total 106496K, used 42481K [0x0000000080000000, 0x0000000086800000, 0x00000000d5580000)
  object space 106496K, 39% used [0x0000000080000000,0x000000008297c410,0x0000000086800000)
 Metaspace       used 58798K, capacity 60736K, committed 61096K, reserved 1101824K
  class space    used 7874K, capacity 8324K, committed 8368K, reserved 1048576K
}
Event: 37.895 GC heap before
{Heap before GC invocations=24 (full 3):
 PSYoungGen      total 329728K, used 327648K [0x00000000d5580000, 0x00000000eb300000, 0x0000000100000000)
  eden space 311296K, 100% used [0x00000000d5580000,0x00000000e8580000,0x00000000e8580000)
  from space 18432K, 88% used [0x00000000e9900000,0x00000000ea8f80b8,0x00000000eab00000)
  to   space 19968K, 0% used [0x00000000e8580000,0x00000000e8580000,0x00000000e9900000)
 ParOldGen       total 106496K, used 42481K [0x0000000080000000, 0x0000000086800000, 0x00000000d5580000)
  object space 106496K, 39% used [0x0000000080000000,0x000000008297c410,0x0000000086800000)
 Metaspace       used 58811K, capacity 60736K, committed 61096K, reserved 1101824K
  class space    used 7874K, capacity 8324K, committed 8368K, reserved 1048576K
Event: 37.945 GC heap after
Heap after GC invocations=24 (full 3):
 PSYoungGen      total 331264K, used 19938K [0x00000000d5580000, 0x00000000ef400000, 0x0000000100000000)
  eden space 311296K, 0% used [0x00000000d5580000,0x00000000d5580000,0x00000000e8580000)
  from space 19968K, 99% used [0x00000000e8580000,0x00000000e98f8880,0x00000000e9900000)
  to   space 24064K, 0% used [0x00000000edc80000,0x00000000edc80000,0x00000000ef400000)
 ParOldGen       total 106496K, used 45811K [0x0000000080000000, 0x0000000086800000, 0x00000000d5580000)
  object space 106496K, 43% used [0x0000000080000000,0x0000000082cbcf70,0x0000000086800000)
 Metaspace       used 58811K, capacity 60736K, committed 61096K, reserved 1101824K
  class space    used 7874K, capacity 8324K, committed 8368K, reserved 1048576K
}
Event: 39.735 GC heap before
{Heap before GC invocations=25 (full 3):
 PSYoungGen      total 331264K, used 331234K [0x00000000d5580000, 0x00000000ef400000, 0x0000000100000000)
  eden space 311296K, 100% used [0x00000000d5580000,0x00000000e8580000,0x00000000e8580000)
  from space 19968K, 99% used [0x00000000e8580000,0x00000000e98f8880,0x00000000e9900000)
  to   space 24064K, 0% used [0x00000000edc80000,0x00000000edc80000,0x00000000ef400000)
 ParOldGen       total 106496K, used 45811K [0x0000000080000000, 0x0000000086800000, 0x00000000d5580000)
  object space 106496K, 43% used [0x0000000080000000,0x0000000082cbcf70,0x0000000086800000)
 Metaspace       used 58816K, capacity 60736K, committed 61096K, reserved 1101824K
  class space    used 7874K, capacity 8324K, committed 8368K, reserved 1048576K
Event: 39.783 GC heap after
Heap after GC invocations=25 (full 3):
 PSYoungGen      total 399872K, used 16176K [0x00000000d5580000, 0x00000000ef680000, 0x0000000100000000)
  eden space 375808K, 0% used [0x00000000d5580000,0x00000000d5580000,0x00000000ec480000)
  from space 24064K, 67% used [0x00000000edc80000,0x00000000eec4c0b0,0x00000000ef400000)
  to   space 24576K, 0% used [0x00000000ec480000,0x00000000ec480000,0x00000000edc80000)
 ParOldGen       total 106496K, used 49459K [0x0000000080000000, 0x0000000086800000, 0x00000000d5580000)
  object space 106496K, 46% used [0x0000000080000000,0x000000008304cf70,0x0000000086800000)
 Metaspace       used 58816K, capacity 60736K, committed 61096K, reserved 1101824K
  class space    used 7874K, capacity 8324K, committed 8368K, reserved 1048576K
}
Event: 41.833 GC heap before
{Heap before GC invocations=26 (full 3):
 PSYoungGen      total 399872K, used 391984K [0x00000000d5580000, 0x00000000ef680000, 0x0000000100000000)
  eden space 375808K, 100% used [0x00000000d5580000,0x00000000ec480000,0x00000000ec480000)
  from space 24064K, 67% used [0x00000000edc80000,0x00000000eec4c0b0,0x00000000ef400000)
  to   space 24576K, 0% used [0x00000000ec480000,0x00000000ec480000,0x00000000edc80000)
 ParOldGen       total 106496K, used 49459K [0x0000000080000000, 0x0000000086800000, 0x00000000d5580000)
  object space 106496K, 46% used [0x0000000080000000,0x000000008304cf70,0x0000000086800000)
 Metaspace       used 58847K, capacity 60742K, committed 61096K, reserved 1101824K
  class space    used 7875K, capacity 8325K, committed 8368K, reserved 1048576K
Event: 41.908 GC heap after
Heap after GC invocations=26 (full 3):
 PSYoungGen      total 400384K, used 15280K [0x00000000d5580000, 0x00000000ef680000, 0x0000000100000000)
  eden space 375808K, 0% used [0x00000000d5580000,0x00000000d5580000,0x00000000ec480000)
  from space 24576K, 62% used [0x00000000ec480000,0x00000000ed36c0f0,0x00000000edc80000)
  to   space 24064K, 0% used [0x00000000edc80000,0x00000000edc80000,0x00000000ef400000)
 ParOldGen       total 106496K, used 54171K [0x0000000080000000, 0x0000000086800000, 0x00000000d5580000)
  object space 106496K, 50% used [0x0000000080000000,0x00000000834e6f80,0x0000000086800000)
 Metaspace       used 58847K, capacity 60742K, committed 61096K, reserved 1101824K
  class space    used 7875K, capacity 8325K, committed 8368K, reserved 1048576K
}
Event: 44.210 GC heap before
{Heap before GC invocations=27 (full 3):
 PSYoungGen      total 400384K, used 391088K [0x00000000d5580000, 0x00000000ef680000, 0x0000000100000000)
  eden space 375808K, 100% used [0x00000000d5580000,0x00000000ec480000,0x00000000ec480000)
  from space 24576K, 62% used [0x00000000ec480000,0x00000000ed36c0f0,0x00000000edc80000)
  to   space 24064K, 0% used [0x00000000edc80000,0x00000000edc80000,0x00000000ef400000)
 ParOldGen       total 106496K, used 54171K [0x0000000080000000, 0x0000000086800000, 0x00000000d5580000)
  object space 106496K, 50% used [0x0000000080000000,0x00000000834e6f80,0x0000000086800000)
 Metaspace       used 58881K, capacity 60742K, committed 61096K, reserved 1101824K
  class space    used 7877K, capacity 8325K, committed 8368K, reserved 1048576K
Event: 44.242 GC heap after
Heap after GC invocations=27 (full 3):
 PSYoungGen      total 400384K, used 14000K [0x00000000d5580000, 0x00000000f4180000, 0x0000000100000000)
  eden space 376320K, 0% used [0x00000000d5580000,0x00000000d5580000,0x00000000ec500000)
  from space 24064K, 58% used [0x00000000edc80000,0x00000000eea2c0e0,0x00000000ef400000)
  to   space 24064K, 0% used [0x00000000ec500000,0x00000000ec500000,0x00000000edc80000)
 ParOldGen       total 106496K, used 58171K [0x0000000080000000, 0x0000000086800000, 0x00000000d5580000)
  object space 106496K, 54% used [0x0000000080000000,0x00000000838cef80,0x0000000086800000)
 Metaspace       used 58881K, capacity 60742K, committed 61096K, reserved 1101824K
  class space    used 7877K, capacity 8325K, committed 8368K, reserved 1048576K
}

