# JRE version: Java(TM) SE Runtime Environment (8.0_101-b13) (build 1.8.0_101-b13)
# Java VM: Java HotSpot(TM) 64-Bit Server VM (25.101-b13 mixed mode windows-amd64 compressed oops)
Heap:
 PSYoungGen      total 94208K, used 4542K [0x00000000d5580000, 0x00000000df780000, 0x0000000100000000)
  eden space 75776K, 5% used [0x00000000d5580000,0x00000000d59ef820,0x00000000d9f80000)
  from space 18432K, 0% used [0x00000000d9f80000,0x00000000d9f80000,0x00000000db180000)
  to   space 31744K, 0% used [0x00000000dd880000,0x00000000dd880000,0x00000000df780000)
 ParOldGen       total 82944K, used 46130K [0x0000000080000000, 0x0000000085100000, 0x00000000d5580000)
  object space 82944K, 55% used [0x0000000080000000,0x0000000082d0c810,0x0000000085100000)
 Metaspace       used 57466K, capacity 59848K, committed 59992K, reserved 1101824K
  class space    used 7939K, capacity 8526K, committed 8576K, reserved 1048576K
GC Heap History (10 events):
Event: 96.733 GC heap before
{Heap before GC invocations=20 (full 2):
 PSYoungGen      total 77824K, used 77819K [0x00000000d5580000, 0x00000000dc080000, 0x0000000100000000)
  eden space 64512K, 100% used [0x00000000d5580000,0x00000000d9480000,0x00000000d9480000)
  from space 13312K, 99% used [0x00000000d9480000,0x00000000da17ef78,0x00000000da180000)
  to   space 15360K, 0% used [0x00000000db180000,0x00000000db180000,0x00000000dc080000)
 ParOldGen       total 82944K, used 14602K [0x0000000080000000, 0x0000000085100000, 0x00000000d5580000)
  object space 82944K, 17% used [0x0000000080000000,0x0000000080e42bf8,0x0000000085100000)
 Metaspace       used 50015K, capacity 51416K, committed 51672K, reserved 1093632K
  class space    used 6805K, capacity 7161K, committed 7168K, reserved 1048576K
Event: 96.763 GC heap after
Heap after GC invocations=20 (full 2):
 PSYoungGen      total 91136K, used 15344K [0x00000000d5580000, 0x00000000dc500000, 0x0000000100000000)
  eden space 75776K, 0% used [0x00000000d5580000,0x00000000d5580000,0x00000000d9f80000)
  from space 15360K, 99% used [0x00000000db180000,0x00000000dc07c0b8,0x00000000dc080000)
  to   space 18432K, 0% used [0x00000000d9f80000,0x00000000d9f80000,0x00000000db180000)
 ParOldGen       total 82944K, used 17379K [0x0000000080000000, 0x0000000085100000, 0x00000000d5580000)
  object space 82944K, 20% used [0x0000000080000000,0x00000000810f8e28,0x0000000085100000)
 Metaspace       used 50015K, capacity 51416K, committed 51672K, reserved 1093632K
  class space    used 6805K, capacity 7161K, committed 7168K, reserved 1048576K
}
Event: 99.269 GC heap before
{Heap before GC invocations=21 (full 2):
 PSYoungGen      total 91136K, used 91120K [0x00000000d5580000, 0x00000000dc500000, 0x0000000100000000)
  eden space 75776K, 100% used [0x00000000d5580000,0x00000000d9f80000,0x00000000d9f80000)
  from space 15360K, 99% used [0x00000000db180000,0x00000000dc07c0b8,0x00000000dc080000)
  to   space 18432K, 0% used [0x00000000d9f80000,0x00000000d9f80000,0x00000000db180000)
 ParOldGen       total 82944K, used 17379K [0x0000000080000000, 0x0000000085100000, 0x00000000d5580000)
  object space 82944K, 20% used [0x0000000080000000,0x00000000810f8e28,0x0000000085100000)
 Metaspace       used 53611K, capacity 55264K, committed 55512K, reserved 1097728K
  class space    used 7400K, capacity 7816K, committed 7936K, reserved 1048576K
Event: 99.305 GC heap after
Heap after GC invocations=21 (full 2):
 PSYoungGen      total 94208K, used 18402K [0x00000000d5580000, 0x00000000ddd80000, 0x0000000100000000)
  eden space 75776K, 0% used [0x00000000d5580000,0x00000000d5580000,0x00000000d9f80000)
  from space 18432K, 99% used [0x00000000d9f80000,0x00000000db178aa8,0x00000000db180000)
  to   space 23040K, 0% used [0x00000000dc700000,0x00000000dc700000,0x00000000ddd80000)
 ParOldGen       total 82944K, used 22241K [0x0000000080000000, 0x0000000085100000, 0x00000000d5580000)
  object space 82944K, 26% used [0x0000000080000000,0x00000000815b86f8,0x0000000085100000)
 Metaspace       used 53611K, capacity 55264K, committed 55512K, reserved 1097728K
  class space    used 7400K, capacity 7816K, committed 7936K, reserved 1048576K
}
Event: 100.338 GC heap before
{Heap before GC invocations=22 (full 2):
 PSYoungGen      total 94208K, used 94178K [0x00000000d5580000, 0x00000000ddd80000, 0x0000000100000000)
  eden space 75776K, 100% used [0x00000000d5580000,0x00000000d9f80000,0x00000000d9f80000)
  from space 18432K, 99% used [0x00000000d9f80000,0x00000000db178aa8,0x00000000db180000)
  to   space 23040K, 0% used [0x00000000dc700000,0x00000000dc700000,0x00000000ddd80000)
 ParOldGen       total 82944K, used 22241K [0x0000000080000000, 0x0000000085100000, 0x00000000d5580000)
  object space 82944K, 26% used [0x0000000080000000,0x00000000815b86f8,0x0000000085100000)
 Metaspace       used 54759K, capacity 56778K, committed 57048K, reserved 1097728K
  class space    used 7631K, capacity 8144K, committed 8192K, reserved 1048576K
Event: 100.421 GC heap after
Heap after GC invocations=22 (full 2):
 PSYoungGen      total 98816K, used 23008K [0x00000000d5580000, 0x00000000ddd80000, 0x0000000100000000)
  eden space 75776K, 0% used [0x00000000d5580000,0x00000000d5580000,0x00000000d9f80000)
  from space 23040K, 99% used [0x00000000dc700000,0x00000000ddd78020,0x00000000ddd80000)
  to   space 18432K, 0% used [0x00000000d9f80000,0x00000000d9f80000,0x00000000db180000)
 ParOldGen       total 82944K, used 27568K [0x0000000080000000, 0x0000000085100000, 0x00000000d5580000)
  object space 82944K, 33% used [0x0000000080000000,0x0000000081aec190,0x0000000085100000)
 Metaspace       used 54759K, capacity 56778K, committed 57048K, reserved 1097728K
  class space    used 7631K, capacity 8144K, committed 8192K, reserved 1048576K
}
Event: 101.160 GC heap before
{Heap before GC invocations=23 (full 2):
 PSYoungGen      total 98816K, used 45700K [0x00000000d5580000, 0x00000000ddd80000, 0x0000000100000000)
  eden space 75776K, 29% used [0x00000000d5580000,0x00000000d6ba9060,0x00000000d9f80000)
  from space 23040K, 99% used [0x00000000dc700000,0x00000000ddd78020,0x00000000ddd80000)
  to   space 18432K, 0% used [0x00000000d9f80000,0x00000000d9f80000,0x00000000db180000)
 ParOldGen       total 82944K, used 27568K [0x0000000080000000, 0x0000000085100000, 0x00000000d5580000)
  object space 82944K, 33% used [0x0000000080000000,0x0000000081aec190,0x0000000085100000)
 Metaspace       used 56528K, capacity 58856K, committed 59028K, reserved 1099776K
  class space    used 7873K, capacity 8430K, committed 8448K, reserved 1048576K
Event: 101.220 GC heap after
Heap after GC invocations=23 (full 2):
 PSYoungGen      total 94208K, used 18408K [0x00000000d5580000, 0x00000000df780000, 0x0000000100000000)
  eden space 75776K, 0% used [0x00000000d5580000,0x00000000d5580000,0x00000000d9f80000)
  from space 18432K, 99% used [0x00000000d9f80000,0x00000000db17a3e0,0x00000000db180000)
  to   space 31744K, 0% used [0x00000000dd880000,0x00000000dd880000,0x00000000df780000)
 ParOldGen       total 82944K, used 34863K [0x0000000080000000, 0x0000000085100000, 0x00000000d5580000)
  object space 82944K, 42% used [0x0000000080000000,0x000000008220bf90,0x0000000085100000)
 Metaspace       used 56528K, capacity 58856K, committed 59028K, reserved 1099776K
  class space    used 7873K, capacity 8430K, committed 8448K, reserved 1048576K
}
Event: 101.220 GC heap before
{Heap before GC invocations=24 (full 3):
 PSYoungGen      total 94208K, used 18408K [0x00000000d5580000, 0x00000000df780000, 0x0000000100000000)
  eden space 75776K, 0% used [0x00000000d5580000,0x00000000d5580000,0x00000000d9f80000)
  from space 18432K, 99% used [0x00000000d9f80000,0x00000000db17a3e0,0x00000000db180000)
  to   space 31744K, 0% used [0x00000000dd880000,0x00000000dd880000,0x00000000df780000)
 ParOldGen       total 82944K, used 34863K [0x0000000080000000, 0x0000000085100000, 0x00000000d5580000)
  object space 82944K, 42% used [0x0000000080000000,0x000000008220bf90,0x0000000085100000)
 Metaspace       used 56528K, capacity 58856K, committed 59028K, reserved 1099776K
  class space    used 7873K, capacity 8430K, committed 8448K, reserved 1048576K
Event: 101.621 GC heap after
Heap after GC invocations=24 (full 3):
 PSYoungGen      total 94208K, used 0K [0x00000000d5580000, 0x00000000df780000, 0x0000000100000000)
  eden space 75776K, 0% used [0x00000000d5580000,0x00000000d5580000,0x00000000d9f80000)
  from space 18432K, 0% used [0x00000000d9f80000,0x00000000d9f80000,0x00000000db180000)
  to   space 31744K, 0% used [0x00000000dd880000,0x00000000dd880000,0x00000000df780000)
 ParOldGen       total 82944K, used 46130K [0x0000000080000000, 0x0000000085100000, 0x00000000d5580000)
  object space 82944K, 55% used [0x0000000080000000,0x0000000082d0c810,0x0000000085100000)
 Metaspace       used 56528K, capacity 58856K, committed 59028K, reserved 1099776K
  class space    used 7873K, capacity 8430K, committed 8448K, reserved 1048576K
}

