# JRE version: Java(TM) SE Runtime Environment (8.0_101-b13) (build 1.8.0_101-b13)
# Java VM: Java HotSpot(TM) 64-Bit Server VM (25.101-b13 mixed mode windows-amd64 compressed oops)
Heap:
 PSYoungGen      total 128000K, used 28067K [0x00000000d5580000, 0x00000000de500000, 0x0000000100000000)
  eden space 116736K, 15% used [0x00000000d5580000,0x00000000d6723530,0x00000000dc780000)
  from space 11264K, 88% used [0x00000000dd380000,0x00000000ddd459e0,0x00000000dde80000)
  to   space 12288K, 0% used [0x00000000dc780000,0x00000000dc780000,0x00000000dd380000)
 ParOldGen       total 80896K, used 17995K [0x0000000080000000, 0x0000000084f00000, 0x00000000d5580000)
  object space 80896K, 22% used [0x0000000080000000,0x0000000081192dd8,0x0000000084f00000)
 Metaspace       used 40218K, capacity 41142K, committed 41600K, reserved 1085440K
  class space    used 5426K, capacity 5696K, committed 5760K, reserved 1048576K
GC Heap History (10 events):
Event: 19.296 GC heap before
{Heap before GC invocations=8 (full 1):
 PSYoungGen      total 72704K, used 72460K [0x00000000d5580000, 0x00000000dc580000, 0x0000000100000000)
  eden space 66048K, 100% used [0x00000000d5580000,0x00000000d9600000,0x00000000d9600000)
  from space 6656K, 96% used [0x00000000dbf00000,0x00000000dc543358,0x00000000dc580000)
  to   space 9216K, 0% used [0x00000000db380000,0x00000000db380000,0x00000000dbc80000)
 ParOldGen       total 52736K, used 8275K [0x0000000080000000, 0x0000000083380000, 0x00000000d5580000)
  object space 52736K, 15% used [0x0000000080000000,0x0000000080814f38,0x0000000083380000)
 Metaspace       used 29131K, capacity 29796K, committed 29952K, reserved 1075200K
  class space    used 4087K, capacity 4261K, committed 4352K, reserved 1048576K
Event: 19.306 GC heap after
Heap after GC invocations=8 (full 1):
 PSYoungGen      total 93696K, used 7702K [0x00000000d5580000, 0x00000000dbf80000, 0x0000000100000000)
  eden space 85504K, 0% used [0x00000000d5580000,0x00000000d5580000,0x00000000da900000)
  from space 8192K, 94% used [0x00000000db380000,0x00000000dbb05920,0x00000000dbb80000)
  to   space 4096K, 0% used [0x00000000dbb80000,0x00000000dbb80000,0x00000000dbf80000)
 ParOldGen       total 52736K, used 8355K [0x0000000080000000, 0x0000000083380000, 0x00000000d5580000)
  object space 52736K, 15% used [0x0000000080000000,0x0000000080828f60,0x0000000083380000)
 Metaspace       used 29131K, capacity 29796K, committed 29952K, reserved 1075200K
  class space    used 4087K, capacity 4261K, committed 4352K, reserved 1048576K
}
Event: 24.177 GC heap before
{Heap before GC invocations=9 (full 1):
 PSYoungGen      total 93696K, used 93206K [0x00000000d5580000, 0x00000000dbf80000, 0x0000000100000000)
  eden space 85504K, 100% used [0x00000000d5580000,0x00000000da900000,0x00000000da900000)
  from space 8192K, 94% used [0x00000000db380000,0x00000000dbb05920,0x00000000dbb80000)
  to   space 4096K, 0% used [0x00000000dbb80000,0x00000000dbb80000,0x00000000dbf80000)
 ParOldGen       total 52736K, used 8355K [0x0000000080000000, 0x0000000083380000, 0x00000000d5580000)
  object space 52736K, 15% used [0x0000000080000000,0x0000000080828f60,0x0000000083380000)
 Metaspace       used 33946K, capacity 34822K, committed 35200K, reserved 1079296K
  class space    used 4611K, capacity 4871K, committed 4992K, reserved 1048576K
Event: 24.187 GC heap after
Heap after GC invocations=9 (full 1):
 PSYoungGen      total 97280K, used 4064K [0x00000000d5580000, 0x00000000dd300000, 0x0000000100000000)
  eden space 93184K, 0% used [0x00000000d5580000,0x00000000d5580000,0x00000000db080000)
  from space 4096K, 99% used [0x00000000dbb80000,0x00000000dbf78010,0x00000000dbf80000)
  to   space 11264K, 0% used [0x00000000db080000,0x00000000db080000,0x00000000dbb80000)
 ParOldGen       total 52736K, used 15214K [0x0000000080000000, 0x0000000083380000, 0x00000000d5580000)
  object space 52736K, 28% used [0x0000000080000000,0x0000000080edba40,0x0000000083380000)
 Metaspace       used 33946K, capacity 34822K, committed 35200K, reserved 1079296K
  class space    used 4611K, capacity 4871K, committed 4992K, reserved 1048576K
}
Event: 24.240 GC heap before
{Heap before GC invocations=10 (full 1):
 PSYoungGen      total 97280K, used 9443K [0x00000000d5580000, 0x00000000dd300000, 0x0000000100000000)
  eden space 93184K, 5% used [0x00000000d5580000,0x00000000d5ac0d30,0x00000000db080000)
  from space 4096K, 99% used [0x00000000dbb80000,0x00000000dbf78010,0x00000000dbf80000)
  to   space 11264K, 0% used [0x00000000db080000,0x00000000db080000,0x00000000dbb80000)
 ParOldGen       total 52736K, used 15214K [0x0000000080000000, 0x0000000083380000, 0x00000000d5580000)
  object space 52736K, 28% used [0x0000000080000000,0x0000000080edba40,0x0000000083380000)
 Metaspace       used 34447K, capacity 35270K, committed 35456K, reserved 1079296K
  class space    used 4680K, capacity 4935K, committed 4992K, reserved 1048576K
Event: 24.248 GC heap after
Heap after GC invocations=10 (full 1):
 PSYoungGen      total 104448K, used 4737K [0x00000000d5580000, 0x00000000dde80000, 0x0000000100000000)
  eden space 93184K, 0% used [0x00000000d5580000,0x00000000d5580000,0x00000000db080000)
  from space 11264K, 42% used [0x00000000db080000,0x00000000db5205e0,0x00000000dbb80000)
  to   space 11264K, 0% used [0x00000000dd380000,0x00000000dd380000,0x00000000dde80000)
 ParOldGen       total 52736K, used 15222K [0x0000000080000000, 0x0000000083380000, 0x00000000d5580000)
  object space 52736K, 28% used [0x0000000080000000,0x0000000080edda40,0x0000000083380000)
 Metaspace       used 34447K, capacity 35270K, committed 35456K, reserved 1079296K
  class space    used 4680K, capacity 4935K, committed 4992K, reserved 1048576K
}
Event: 24.248 GC heap before
{Heap before GC invocations=11 (full 2):
 PSYoungGen      total 104448K, used 4737K [0x00000000d5580000, 0x00000000dde80000, 0x0000000100000000)
  eden space 93184K, 0% used [0x00000000d5580000,0x00000000d5580000,0x00000000db080000)
  from space 11264K, 42% used [0x00000000db080000,0x00000000db5205e0,0x00000000dbb80000)
  to   space 11264K, 0% used [0x00000000dd380000,0x00000000dd380000,0x00000000dde80000)
 ParOldGen       total 52736K, used 15222K [0x0000000080000000, 0x0000000083380000, 0x00000000d5580000)
  object space 52736K, 28% used [0x0000000080000000,0x0000000080edda40,0x0000000083380000)
 Metaspace       used 34447K, capacity 35270K, committed 35456K, reserved 1079296K
  class space    used 4680K, capacity 4935K, committed 4992K, reserved 1048576K
Event: 24.343 GC heap after
Heap after GC invocations=11 (full 2):
 PSYoungGen      total 104448K, used 0K [0x00000000d5580000, 0x00000000dde80000, 0x0000000100000000)
  eden space 93184K, 0% used [0x00000000d5580000,0x00000000d5580000,0x00000000db080000)
  from space 11264K, 0% used [0x00000000db080000,0x00000000db080000,0x00000000dbb80000)
  to   space 11264K, 0% used [0x00000000dd380000,0x00000000dd380000,0x00000000dde80000)
 ParOldGen       total 80896K, used 17987K [0x0000000080000000, 0x0000000084f00000, 0x00000000d5580000)
  object space 80896K, 22% used [0x0000000080000000,0x0000000081190dd8,0x0000000084f00000)
 Metaspace       used 34417K, capacity 35150K, committed 35456K, reserved 1079296K
  class space    used 4671K, capacity 4895K, committed 4992K, reserved 1048576K
}
Event: 26.271 GC heap before
{Heap before GC invocations=12 (full 2):
 PSYoungGen      total 104448K, used 93184K [0x00000000d5580000, 0x00000000dde80000, 0x0000000100000000)
  eden space 93184K, 100% used [0x00000000d5580000,0x00000000db080000,0x00000000db080000)
  from space 11264K, 0% used [0x00000000db080000,0x00000000db080000,0x00000000dbb80000)
  to   space 11264K, 0% used [0x00000000dd380000,0x00000000dd380000,0x00000000dde80000)
 ParOldGen       total 80896K, used 17987K [0x0000000080000000, 0x0000000084f00000, 0x00000000d5580000)
  object space 80896K, 22% used [0x0000000080000000,0x0000000081190dd8,0x0000000084f00000)
 Metaspace       used 39753K, capacity 40628K, committed 40960K, reserved 1085440K
  class space    used 5364K, capacity 5607K, committed 5632K, reserved 1048576K
Event: 26.284 GC heap after
Heap after GC invocations=12 (full 2):
 PSYoungGen      total 128000K, used 10006K [0x00000000d5580000, 0x00000000de500000, 0x0000000100000000)
  eden space 116736K, 0% used [0x00000000d5580000,0x00000000d5580000,0x00000000dc780000)
  from space 11264K, 88% used [0x00000000dd380000,0x00000000ddd459e0,0x00000000dde80000)
  to   space 12288K, 0% used [0x00000000dc780000,0x00000000dc780000,0x00000000dd380000)
 ParOldGen       total 80896K, used 17995K [0x0000000080000000, 0x0000000084f00000, 0x00000000d5580000)
  object space 80896K, 22% used [0x0000000080000000,0x0000000081192dd8,0x0000000084f00000)
 Metaspace       used 39753K, capacity 40628K, committed 40960K, reserved 1085440K
  class space    used 5364K, capacity 5607K, committed 5632K, reserved 1048576K
}

