# JRE version: Java(TM) SE Runtime Environment (8.0_101-b13) (build 1.8.0_101-b13)
# Java VM: Java HotSpot(TM) 64-Bit Server VM (25.101-b13 mixed mode windows-amd64 compressed oops)
Heap:
 PSYoungGen      total 428032K, used 185160K [0x00000000d5580000, 0x00000000f5b80000, 0x0000000100000000)
  eden space 404992K, 44% used [0x00000000d5580000,0x00000000e04620d0,0x00000000ee100000)
  from space 23040K, 26% used [0x00000000ee100000,0x00000000ee6f00a0,0x00000000ef780000)
  to   space 20480K, 0% used [0x00000000f4780000,0x00000000f4780000,0x00000000f5b80000)
 ParOldGen       total 108544K, used 80993K [0x0000000080000000, 0x0000000086a00000, 0x00000000d5580000)
  object space 108544K, 74% used [0x0000000080000000,0x0000000084f186d8,0x0000000086a00000)
 Metaspace       used 73493K, capacity 76550K, committed 76696K, reserved 1116160K
  class space    used 9426K, capacity 10109K, committed 10160K, reserved 1048576K
GC Heap History (10 events):
Event: 209.479 GC heap before
{Heap before GC invocations=26 (full 3):
 PSYoungGen      total 423424K, used 411616K [0x00000000d5580000, 0x00000000f0e00000, 0x0000000100000000)
  eden space 404992K, 100% used [0x00000000d5580000,0x00000000ee100000,0x00000000ee100000)
  from space 18432K, 35% used [0x00000000efc00000,0x00000000f0278090,0x00000000f0e00000)
  to   space 23040K, 0% used [0x00000000ee100000,0x00000000ee100000,0x00000000ef780000)
 ParOldGen       total 108544K, used 61673K [0x0000000080000000, 0x0000000086a00000, 0x00000000d5580000)
  object space 108544K, 56% used [0x0000000080000000,0x0000000083c3a6b8,0x0000000086a00000)
 Metaspace       used 73429K, capacity 76486K, committed 76696K, reserved 1116160K
  class space    used 9425K, capacity 10109K, committed 10160K, reserved 1048576K
Event: 209.515 GC heap after
Heap after GC invocations=26 (full 3):
 PSYoungGen      total 428032K, used 8816K [0x00000000d5580000, 0x00000000f0e00000, 0x0000000100000000)
  eden space 404992K, 0% used [0x00000000d5580000,0x00000000d5580000,0x00000000ee100000)
  from space 23040K, 38% used [0x00000000ee100000,0x00000000ee99c0c0,0x00000000ef780000)
  to   space 18432K, 0% used [0x00000000efc00000,0x00000000efc00000,0x00000000f0e00000)
 ParOldGen       total 108544K, used 64929K [0x0000000080000000, 0x0000000086a00000, 0x00000000d5580000)
  object space 108544K, 59% used [0x0000000080000000,0x0000000083f686b8,0x0000000086a00000)
 Metaspace       used 73429K, capacity 76486K, committed 76696K, reserved 1116160K
  class space    used 9425K, capacity 10109K, committed 10160K, reserved 1048576K
}
Event: 211.969 GC heap before
{Heap before GC invocations=27 (full 3):
 PSYoungGen      total 428032K, used 413808K [0x00000000d5580000, 0x00000000f0e00000, 0x0000000100000000)
  eden space 404992K, 100% used [0x00000000d5580000,0x00000000ee100000,0x00000000ee100000)
  from space 23040K, 38% used [0x00000000ee100000,0x00000000ee99c0c0,0x00000000ef780000)
  to   space 18432K, 0% used [0x00000000efc00000,0x00000000efc00000,0x00000000f0e00000)
 ParOldGen       total 108544K, used 64929K [0x0000000080000000, 0x0000000086a00000, 0x00000000d5580000)
  object space 108544K, 59% used [0x0000000080000000,0x0000000083f686b8,0x0000000086a00000)
 Metaspace       used 73447K, capacity 76486K, committed 76696K, reserved 1116160K
  class space    used 9425K, capacity 10109K, committed 10160K, reserved 1048576K
Event: 212.002 GC heap after
Heap after GC invocations=27 (full 3):
 PSYoungGen      total 423424K, used 9888K [0x00000000d5580000, 0x00000000f0e00000, 0x0000000100000000)
  eden space 404992K, 0% used [0x00000000d5580000,0x00000000d5580000,0x00000000ee100000)
  from space 18432K, 53% used [0x00000000efc00000,0x00000000f05a80c0,0x00000000f0e00000)
  to   space 23040K, 0% used [0x00000000ee100000,0x00000000ee100000,0x00000000ef780000)
 ParOldGen       total 108544K, used 69241K [0x0000000080000000, 0x0000000086a00000, 0x00000000d5580000)
  object space 108544K, 63% used [0x0000000080000000,0x000000008439e6b8,0x0000000086a00000)
 Metaspace       used 73447K, capacity 76486K, committed 76696K, reserved 1116160K
  class space    used 9425K, capacity 10109K, committed 10160K, reserved 1048576K
}
Event: 214.052 GC heap before
{Heap before GC invocations=28 (full 3):
 PSYoungGen      total 423424K, used 414880K [0x00000000d5580000, 0x00000000f0e00000, 0x0000000100000000)
  eden space 404992K, 100% used [0x00000000d5580000,0x00000000ee100000,0x00000000ee100000)
  from space 18432K, 53% used [0x00000000efc00000,0x00000000f05a80c0,0x00000000f0e00000)
  to   space 23040K, 0% used [0x00000000ee100000,0x00000000ee100000,0x00000000ef780000)
 ParOldGen       total 108544K, used 69241K [0x0000000080000000, 0x0000000086a00000, 0x00000000d5580000)
  object space 108544K, 63% used [0x0000000080000000,0x000000008439e6b8,0x0000000086a00000)
 Metaspace       used 73454K, capacity 76486K, committed 76696K, reserved 1116160K
  class space    used 9425K, capacity 10109K, committed 10160K, reserved 1048576K
Event: 214.089 GC heap after
Heap after GC invocations=28 (full 3):
 PSYoungGen      total 428032K, used 13365K [0x00000000d5580000, 0x00000000f0e00000, 0x0000000100000000)
  eden space 404992K, 0% used [0x00000000d5580000,0x00000000d5580000,0x00000000ee100000)
  from space 23040K, 58% used [0x00000000ee100000,0x00000000eee0d400,0x00000000ef780000)
  to   space 18432K, 0% used [0x00000000efc00000,0x00000000efc00000,0x00000000f0e00000)
 ParOldGen       total 108544K, used 74665K [0x0000000080000000, 0x0000000086a00000, 0x00000000d5580000)
  object space 108544K, 68% used [0x0000000080000000,0x00000000848ea6d8,0x0000000086a00000)
 Metaspace       used 73454K, capacity 76486K, committed 76696K, reserved 1116160K
  class space    used 9425K, capacity 10109K, committed 10160K, reserved 1048576K
}
Event: 216.214 GC heap before
{Heap before GC invocations=29 (full 3):
 PSYoungGen      total 428032K, used 418357K [0x00000000d5580000, 0x00000000f0e00000, 0x0000000100000000)
  eden space 404992K, 100% used [0x00000000d5580000,0x00000000ee100000,0x00000000ee100000)
  from space 23040K, 58% used [0x00000000ee100000,0x00000000eee0d400,0x00000000ef780000)
  to   space 18432K, 0% used [0x00000000efc00000,0x00000000efc00000,0x00000000f0e00000)
 ParOldGen       total 108544K, used 74665K [0x0000000080000000, 0x0000000086a00000, 0x00000000d5580000)
  object space 108544K, 68% used [0x0000000080000000,0x00000000848ea6d8,0x0000000086a00000)
 Metaspace       used 73458K, capacity 76550K, committed 76696K, reserved 1116160K
  class space    used 9425K, capacity 10109K, committed 10160K, reserved 1048576K
Event: 216.242 GC heap after
Heap after GC invocations=29 (full 3):
 PSYoungGen      total 423424K, used 6092K [0x00000000d5580000, 0x00000000f0e00000, 0x0000000100000000)
  eden space 404992K, 0% used [0x00000000d5580000,0x00000000d5580000,0x00000000ee100000)
  from space 18432K, 33% used [0x00000000efc00000,0x00000000f01f30a0,0x00000000f0e00000)
  to   space 23040K, 0% used [0x00000000ee100000,0x00000000ee100000,0x00000000ef780000)
 ParOldGen       total 108544K, used 77849K [0x0000000080000000, 0x0000000086a00000, 0x00000000d5580000)
  object space 108544K, 71% used [0x0000000080000000,0x0000000084c066d8,0x0000000086a00000)
 Metaspace       used 73458K, capacity 76550K, committed 76696K, reserved 1116160K
  class space    used 9425K, capacity 10109K, committed 10160K, reserved 1048576K
}
Event: 218.380 GC heap before
{Heap before GC invocations=30 (full 3):
 PSYoungGen      total 423424K, used 411084K [0x00000000d5580000, 0x00000000f0e00000, 0x0000000100000000)
  eden space 404992K, 100% used [0x00000000d5580000,0x00000000ee100000,0x00000000ee100000)
  from space 18432K, 33% used [0x00000000efc00000,0x00000000f01f30a0,0x00000000f0e00000)
  to   space 23040K, 0% used [0x00000000ee100000,0x00000000ee100000,0x00000000ef780000)
 ParOldGen       total 108544K, used 77849K [0x0000000080000000, 0x0000000086a00000, 0x00000000d5580000)
  object space 108544K, 71% used [0x0000000080000000,0x0000000084c066d8,0x0000000086a00000)
 Metaspace       used 73485K, capacity 76550K, committed 76696K, reserved 1116160K
  class space    used 9426K, capacity 10109K, committed 10160K, reserved 1048576K
Event: 218.420 GC heap after
Heap after GC invocations=30 (full 3):
 PSYoungGen      total 428032K, used 6080K [0x00000000d5580000, 0x00000000f5b80000, 0x0000000100000000)
  eden space 404992K, 0% used [0x00000000d5580000,0x00000000d5580000,0x00000000ee100000)
  from space 23040K, 26% used [0x00000000ee100000,0x00000000ee6f00a0,0x00000000ef780000)
  to   space 20480K, 0% used [0x00000000f4780000,0x00000000f4780000,0x00000000f5b80000)
 ParOldGen       total 108544K, used 80993K [0x0000000080000000, 0x0000000086a00000, 0x00000000d5580000)
  object space 108544K, 74% used [0x0000000080000000,0x0000000084f186d8,0x0000000086a00000)
 Metaspace       used 73485K, capacity 76550K, committed 76696K, reserved 1116160K
  class space    used 9426K, capacity 10109K, committed 10160K, reserved 1048576K
}

