# JRE version: Java(TM) SE Runtime Environment (8.0_101-b13) (build 1.8.0_101-b13)
# Java VM: Java HotSpot(TM) 64-Bit Server VM (25.101-b13 mixed mode windows-amd64 compressed oops)
Heap:
 PSYoungGen      total 71168K, used 2424K [0x00000000d5580000, 0x00000000dae80000, 0x0000000100000000)
  eden space 60416K, 4% used [0x00000000d5580000,0x00000000d57de3a0,0x00000000d9080000)
  from space 10752K, 0% used [0x00000000d9b00000,0x00000000d9b00000,0x00000000da580000)
  to   space 10752K, 0% used [0x00000000d9080000,0x00000000d9080000,0x00000000d9b00000)
 ParOldGen       total 52224K, used 14009K [0x0000000080000000, 0x0000000083300000, 0x00000000d5580000)
  object space 52224K, 26% used [0x0000000080000000,0x0000000080dae550,0x0000000083300000)
 Metaspace       used 34847K, capacity 35356K, committed 35712K, reserved 1079296K
  class space    used 4755K, capacity 4904K, committed 4992K, reserved 1048576K
GC Heap History (10 events):
Event: 14.765 GC heap before
{Heap before GC invocations=10 (full 1):
 PSYoungGen      total 45056K, used 40822K [0x00000000d5580000, 0x00000000d8a80000, 0x0000000100000000)
  eden space 35840K, 100% used [0x00000000d5580000,0x00000000d7880000,0x00000000d7880000)
  from space 9216K, 54% used [0x00000000d8180000,0x00000000d865db08,0x00000000d8a80000)
  to   space 9216K, 0% used [0x00000000d7880000,0x00000000d7880000,0x00000000d8180000)
 ParOldGen       total 52224K, used 9041K [0x0000000080000000, 0x0000000083300000, 0x00000000d5580000)
  object space 52224K, 17% used [0x0000000080000000,0x00000000808d4578,0x0000000083300000)
 Metaspace       used 29251K, capacity 29764K, committed 30080K, reserved 1075200K
  class space    used 4063K, capacity 4209K, committed 4224K, reserved 1048576K
Event: 14.776 GC heap after
Heap after GC invocations=10 (full 1):
 PSYoungGen      total 45056K, used 5494K [0x00000000d5580000, 0x00000000d9380000, 0x0000000100000000)
  eden space 35840K, 0% used [0x00000000d5580000,0x00000000d5580000,0x00000000d7880000)
  from space 9216K, 59% used [0x00000000d7880000,0x00000000d7ddd8f0,0x00000000d8180000)
  to   space 8704K, 0% used [0x00000000d8b00000,0x00000000d8b00000,0x00000000d9380000)
 ParOldGen       total 52224K, used 9049K [0x0000000080000000, 0x0000000083300000, 0x00000000d5580000)
  object space 52224K, 17% used [0x0000000080000000,0x00000000808d6578,0x0000000083300000)
 Metaspace       used 29251K, capacity 29764K, committed 30080K, reserved 1075200K
  class space    used 4063K, capacity 4209K, committed 4224K, reserved 1048576K
}
Event: 22.564 GC heap before
{Heap before GC invocations=11 (full 1):
 PSYoungGen      total 45056K, used 41334K [0x00000000d5580000, 0x00000000d9380000, 0x0000000100000000)
  eden space 35840K, 100% used [0x00000000d5580000,0x00000000d7880000,0x00000000d7880000)
  from space 9216K, 59% used [0x00000000d7880000,0x00000000d7ddd8f0,0x00000000d8180000)
  to   space 8704K, 0% used [0x00000000d8b00000,0x00000000d8b00000,0x00000000d9380000)
 ParOldGen       total 52224K, used 9049K [0x0000000080000000, 0x0000000083300000, 0x00000000d5580000)
  object space 52224K, 17% used [0x0000000080000000,0x00000000808d6578,0x0000000083300000)
 Metaspace       used 30963K, capacity 31478K, committed 31616K, reserved 1077248K
  class space    used 4281K, capacity 4461K, committed 4480K, reserved 1048576K
Event: 22.598 GC heap after
Heap after GC invocations=11 (full 1):
 PSYoungGen      total 54272K, used 7035K [0x00000000d5580000, 0x00000000d9400000, 0x0000000100000000)
  eden space 45568K, 0% used [0x00000000d5580000,0x00000000d5580000,0x00000000d8200000)
  from space 8704K, 80% used [0x00000000d8b00000,0x00000000d91defd8,0x00000000d9380000)
  to   space 9216K, 0% used [0x00000000d8200000,0x00000000d8200000,0x00000000d8b00000)
 ParOldGen       total 52224K, used 9121K [0x0000000080000000, 0x0000000083300000, 0x00000000d5580000)
  object space 52224K, 17% used [0x0000000080000000,0x00000000808e8588,0x0000000083300000)
 Metaspace       used 30963K, capacity 31478K, committed 31616K, reserved 1077248K
  class space    used 4281K, capacity 4461K, committed 4480K, reserved 1048576K
}
Event: 23.582 GC heap before
{Heap before GC invocations=12 (full 1):
 PSYoungGen      total 54272K, used 52603K [0x00000000d5580000, 0x00000000d9400000, 0x0000000100000000)
  eden space 45568K, 100% used [0x00000000d5580000,0x00000000d8200000,0x00000000d8200000)
  from space 8704K, 80% used [0x00000000d8b00000,0x00000000d91defd8,0x00000000d9380000)
  to   space 9216K, 0% used [0x00000000d8200000,0x00000000d8200000,0x00000000d8b00000)
 ParOldGen       total 52224K, used 9121K [0x0000000080000000, 0x0000000083300000, 0x00000000d5580000)
  object space 52224K, 17% used [0x0000000080000000,0x00000000808e8588,0x0000000083300000)
 Metaspace       used 34650K, capacity 35228K, committed 35456K, reserved 1079296K
  class space    used 4727K, capacity 4904K, committed 4992K, reserved 1048576K
Event: 23.599 GC heap after
Heap after GC invocations=12 (full 1):
 PSYoungGen      total 54784K, used 9207K [0x00000000d5580000, 0x00000000da580000, 0x0000000100000000)
  eden space 45568K, 0% used [0x00000000d5580000,0x00000000d5580000,0x00000000d8200000)
  from space 9216K, 99% used [0x00000000d8200000,0x00000000d8afde98,0x00000000d8b00000)
  to   space 10752K, 0% used [0x00000000d9b00000,0x00000000d9b00000,0x00000000da580000)
 ParOldGen       total 52224K, used 10267K [0x0000000080000000, 0x0000000083300000, 0x00000000d5580000)
  object space 52224K, 19% used [0x0000000080000000,0x0000000080a06dd0,0x0000000083300000)
 Metaspace       used 34650K, capacity 35228K, committed 35456K, reserved 1079296K
  class space    used 4727K, capacity 4904K, committed 4992K, reserved 1048576K
}
Event: 23.685 GC heap before
{Heap before GC invocations=13 (full 1):
 PSYoungGen      total 54784K, used 16380K [0x00000000d5580000, 0x00000000da580000, 0x0000000100000000)
  eden space 45568K, 15% used [0x00000000d5580000,0x00000000d5c814a0,0x00000000d8200000)
  from space 9216K, 99% used [0x00000000d8200000,0x00000000d8afde98,0x00000000d8b00000)
  to   space 10752K, 0% used [0x00000000d9b00000,0x00000000d9b00000,0x00000000da580000)
 ParOldGen       total 52224K, used 10267K [0x0000000080000000, 0x0000000083300000, 0x00000000d5580000)
  object space 52224K, 19% used [0x0000000080000000,0x0000000080a06dd0,0x0000000083300000)
 Metaspace       used 34694K, capacity 35228K, committed 35456K, reserved 1079296K
  class space    used 4727K, capacity 4904K, committed 4992K, reserved 1048576K
Event: 23.705 GC heap after
Heap after GC invocations=13 (full 1):
 PSYoungGen      total 71168K, used 7600K [0x00000000d5580000, 0x00000000dae80000, 0x0000000100000000)
  eden space 60416K, 0% used [0x00000000d5580000,0x00000000d5580000,0x00000000d9080000)
  from space 10752K, 70% used [0x00000000d9b00000,0x00000000da26c020,0x00000000da580000)
  to   space 10752K, 0% used [0x00000000d9080000,0x00000000d9080000,0x00000000d9b00000)
 ParOldGen       total 52224K, used 10275K [0x0000000080000000, 0x0000000083300000, 0x00000000d5580000)
  object space 52224K, 19% used [0x0000000080000000,0x0000000080a08dd0,0x0000000083300000)
 Metaspace       used 34694K, capacity 35228K, committed 35456K, reserved 1079296K
  class space    used 4727K, capacity 4904K, committed 4992K, reserved 1048576K
}
Event: 23.705 GC heap before
{Heap before GC invocations=14 (full 2):
 PSYoungGen      total 71168K, used 7600K [0x00000000d5580000, 0x00000000dae80000, 0x0000000100000000)
  eden space 60416K, 0% used [0x00000000d5580000,0x00000000d5580000,0x00000000d9080000)
  from space 10752K, 70% used [0x00000000d9b00000,0x00000000da26c020,0x00000000da580000)
  to   space 10752K, 0% used [0x00000000d9080000,0x00000000d9080000,0x00000000d9b00000)
 ParOldGen       total 52224K, used 10275K [0x0000000080000000, 0x0000000083300000, 0x00000000d5580000)
  object space 52224K, 19% used [0x0000000080000000,0x0000000080a08dd0,0x0000000083300000)
 Metaspace       used 34694K, capacity 35228K, committed 35456K, reserved 1079296K
  class space    used 4727K, capacity 4904K, committed 4992K, reserved 1048576K
Event: 23.851 GC heap after
Heap after GC invocations=14 (full 2):
 PSYoungGen      total 71168K, used 0K [0x00000000d5580000, 0x00000000dae80000, 0x0000000100000000)
  eden space 60416K, 0% used [0x00000000d5580000,0x00000000d5580000,0x00000000d9080000)
  from space 10752K, 0% used [0x00000000d9b00000,0x00000000d9b00000,0x00000000da580000)
  to   space 10752K, 0% used [0x00000000d9080000,0x00000000d9080000,0x00000000d9b00000)
 ParOldGen       total 52224K, used 14009K [0x0000000080000000, 0x0000000083300000, 0x00000000d5580000)
  object space 52224K, 26% used [0x0000000080000000,0x0000000080dae550,0x0000000083300000)
 Metaspace       used 34694K, capacity 35228K, committed 35456K, reserved 1079296K
  class space    used 4727K, capacity 4904K, committed 4992K, reserved 1048576K
}

