# JRE version: Java(TM) SE Runtime Environment (8.0_101-b13) (build 1.8.0_101-b13)
# Java VM: Java HotSpot(TM) 64-Bit Server VM (25.101-b13 mixed mode windows-amd64 compressed oops)
Heap:
 PSYoungGen      total 321536K, used 291981K [0x00000000d5580000, 0x00000000ec880000, 0x0000000100000000)
  eden space 264704K, 96% used [0x00000000d5580000,0x00000000e4dc1950,0x00000000e5800000)
  from space 56832K, 66% used [0x00000000e5800000,0x00000000e7ce1b58,0x00000000e8f80000)
  to   space 54272K, 0% used [0x00000000e8f80000,0x00000000e8f80000,0x00000000ec480000)
 ParOldGen       total 174592K, used 67966K [0x0000000080000000, 0x000000008aa80000, 0x00000000d5580000)
  object space 174592K, 38% used [0x0000000080000000,0x000000008425fa10,0x000000008aa80000)
 Metaspace       used 100554K, capacity 107570K, committed 107672K, reserved 1142784K
  class space    used 12865K, capacity 14403K, committed 14496K, reserved 1048576K
GC Heap History (10 events):
Event: 8973.762 GC heap before
{Heap before GC invocations=47 (full 4):
 PSYoungGen      total 237568K, used 220398K [0x00000000d5580000, 0x00000000e8700000, 0x0000000100000000)
  eden space 191488K, 100% used [0x00000000d5580000,0x00000000e1080000,0x00000000e1080000)
  from space 46080K, 62% used [0x00000000e3e80000,0x00000000e5abba28,0x00000000e6b80000)
  to   space 47104K, 0% used [0x00000000e1080000,0x00000000e1080000,0x00000000e3e80000)
 ParOldGen       total 174592K, used 63676K [0x0000000080000000, 0x000000008aa80000, 0x00000000d5580000)
  object space 174592K, 36% used [0x0000000080000000,0x0000000083e2f0c8,0x000000008aa80000)
 Metaspace       used 96292K, capacity 103140K, committed 103448K, reserved 1138688K
  class space    used 12524K, capacity 14030K, committed 14112K, reserved 1048576K
Event: 8973.804 GC heap after
Heap after GC invocations=47 (full 4):
 PSYoungGen      total 238592K, used 30401K [0x00000000d5580000, 0x00000000e9400000, 0x0000000100000000)
  eden space 191488K, 0% used [0x00000000d5580000,0x00000000d5580000,0x00000000e1080000)
  from space 47104K, 64% used [0x00000000e1080000,0x00000000e2e30790,0x00000000e3e80000)
  to   space 48640K, 0% used [0x00000000e6480000,0x00000000e6480000,0x00000000e9400000)
 ParOldGen       total 174592K, used 63902K [0x0000000080000000, 0x000000008aa80000, 0x00000000d5580000)
  object space 174592K, 36% used [0x0000000080000000,0x0000000083e67898,0x000000008aa80000)
 Metaspace       used 96292K, capacity 103140K, committed 103448K, reserved 1138688K
  class space    used 12524K, capacity 14030K, committed 14112K, reserved 1048576K
}
Event: 8991.665 GC heap before
{Heap before GC invocations=48 (full 4):
 PSYoungGen      total 238592K, used 221889K [0x00000000d5580000, 0x00000000e9400000, 0x0000000100000000)
  eden space 191488K, 100% used [0x00000000d5580000,0x00000000e1080000,0x00000000e1080000)
  from space 47104K, 64% used [0x00000000e1080000,0x00000000e2e30790,0x00000000e3e80000)
  to   space 48640K, 0% used [0x00000000e6480000,0x00000000e6480000,0x00000000e9400000)
 ParOldGen       total 174592K, used 63902K [0x0000000080000000, 0x000000008aa80000, 0x00000000d5580000)
  object space 174592K, 36% used [0x0000000080000000,0x0000000083e67898,0x000000008aa80000)
 Metaspace       used 100110K, capacity 107110K, committed 107416K, reserved 1142784K
  class space    used 12862K, capacity 14403K, committed 14496K, reserved 1048576K
Event: 8991.744 GC heap after
Heap after GC invocations=48 (full 4):
 PSYoungGen      total 274432K, used 36435K [0x00000000d5580000, 0x00000000e9900000, 0x0000000100000000)
  eden space 225792K, 0% used [0x00000000d5580000,0x00000000d5580000,0x00000000e3200000)
  from space 48640K, 74% used [0x00000000e6480000,0x00000000e8814f90,0x00000000e9400000)
  to   space 51712K, 0% used [0x00000000e3200000,0x00000000e3200000,0x00000000e6480000)
 ParOldGen       total 174592K, used 65186K [0x0000000080000000, 0x000000008aa80000, 0x00000000d5580000)
  object space 174592K, 37% used [0x0000000080000000,0x0000000083fa8a40,0x000000008aa80000)
 Metaspace       used 100110K, capacity 107110K, committed 107416K, reserved 1142784K
  class space    used 12862K, capacity 14403K, committed 14496K, reserved 1048576K
}
Event: 8994.185 GC heap before
{Heap before GC invocations=49 (full 4):
 PSYoungGen      total 274432K, used 262227K [0x00000000d5580000, 0x00000000e9900000, 0x0000000100000000)
  eden space 225792K, 100% used [0x00000000d5580000,0x00000000e3200000,0x00000000e3200000)
  from space 48640K, 74% used [0x00000000e6480000,0x00000000e8814f90,0x00000000e9400000)
  to   space 51712K, 0% used [0x00000000e3200000,0x00000000e3200000,0x00000000e6480000)
 ParOldGen       total 174592K, used 65186K [0x0000000080000000, 0x000000008aa80000, 0x00000000d5580000)
  object space 174592K, 37% used [0x0000000080000000,0x0000000083fa8a40,0x000000008aa80000)
 Metaspace       used 100457K, capacity 107506K, committed 107672K, reserved 1142784K
  class space    used 12864K, capacity 14403K, committed 14496K, reserved 1048576K
Event: 8994.239 GC heap after
Heap after GC invocations=49 (full 4):
 PSYoungGen      total 277504K, used 37046K [0x00000000d5580000, 0x00000000ec480000, 0x0000000100000000)
  eden space 225792K, 0% used [0x00000000d5580000,0x00000000d5580000,0x00000000e3200000)
  from space 51712K, 71% used [0x00000000e3200000,0x00000000e562dbf8,0x00000000e6480000)
  to   space 54272K, 0% used [0x00000000e8f80000,0x00000000e8f80000,0x00000000ec480000)
 ParOldGen       total 174592K, used 65498K [0x0000000080000000, 0x000000008aa80000, 0x00000000d5580000)
  object space 174592K, 37% used [0x0000000080000000,0x0000000083ff6a50,0x000000008aa80000)
 Metaspace       used 100457K, capacity 107506K, committed 107672K, reserved 1142784K
  class space    used 12864K, capacity 14403K, committed 14496K, reserved 1048576K
}
Event: 8995.947 GC heap before
{Heap before GC invocations=50 (full 4):
 PSYoungGen      total 277504K, used 262838K [0x00000000d5580000, 0x00000000ec480000, 0x0000000100000000)
  eden space 225792K, 100% used [0x00000000d5580000,0x00000000e3200000,0x00000000e3200000)
  from space 51712K, 71% used [0x00000000e3200000,0x00000000e562dbf8,0x00000000e6480000)
  to   space 54272K, 0% used [0x00000000e8f80000,0x00000000e8f80000,0x00000000ec480000)
 ParOldGen       total 174592K, used 65498K [0x0000000080000000, 0x000000008aa80000, 0x00000000d5580000)
  object space 174592K, 37% used [0x0000000080000000,0x0000000083ff6a50,0x000000008aa80000)
 Metaspace       used 100510K, capacity 107570K, committed 107672K, reserved 1142784K
  class space    used 12864K, capacity 14403K, committed 14496K, reserved 1048576K
Event: 8996.025 GC heap after
Heap after GC invocations=50 (full 4):
 PSYoungGen      total 318976K, used 38059K [0x00000000d5580000, 0x00000000ec880000, 0x0000000100000000)
  eden space 264704K, 0% used [0x00000000d5580000,0x00000000d5580000,0x00000000e5800000)
  from space 54272K, 70% used [0x00000000e8f80000,0x00000000eb4aac28,0x00000000ec480000)
  to   space 56832K, 0% used [0x00000000e5800000,0x00000000e5800000,0x00000000e8f80000)
 ParOldGen       total 174592K, used 66082K [0x0000000080000000, 0x000000008aa80000, 0x00000000d5580000)
  object space 174592K, 37% used [0x0000000080000000,0x0000000084088b10,0x000000008aa80000)
 Metaspace       used 100510K, capacity 107570K, committed 107672K, reserved 1142784K
  class space    used 12864K, capacity 14403K, committed 14496K, reserved 1048576K
}
Event: 8997.951 GC heap before
{Heap before GC invocations=51 (full 4):
 PSYoungGen      total 318976K, used 302763K [0x00000000d5580000, 0x00000000ec880000, 0x0000000100000000)
  eden space 264704K, 100% used [0x00000000d5580000,0x00000000e5800000,0x00000000e5800000)
  from space 54272K, 70% used [0x00000000e8f80000,0x00000000eb4aac28,0x00000000ec480000)
  to   space 56832K, 0% used [0x00000000e5800000,0x00000000e5800000,0x00000000e8f80000)
 ParOldGen       total 174592K, used 66082K [0x0000000080000000, 0x000000008aa80000, 0x00000000d5580000)
  object space 174592K, 37% used [0x0000000080000000,0x0000000084088b10,0x000000008aa80000)
 Metaspace       used 100532K, capacity 107570K, committed 107672K, reserved 1142784K
  class space    used 12864K, capacity 14403K, committed 14496K, reserved 1048576K
Event: 8998.045 GC heap after
Heap after GC invocations=51 (full 4):
 PSYoungGen      total 321536K, used 37766K [0x00000000d5580000, 0x00000000ec880000, 0x0000000100000000)
  eden space 264704K, 0% used [0x00000000d5580000,0x00000000d5580000,0x00000000e5800000)
  from space 56832K, 66% used [0x00000000e5800000,0x00000000e7ce1b58,0x00000000e8f80000)
  to   space 54272K, 0% used [0x00000000e8f80000,0x00000000e8f80000,0x00000000ec480000)
 ParOldGen       total 174592K, used 67966K [0x0000000080000000, 0x000000008aa80000, 0x00000000d5580000)
  object space 174592K, 38% used [0x0000000080000000,0x000000008425fa10,0x000000008aa80000)
 Metaspace       used 100532K, capacity 107570K, committed 107672K, reserved 1142784K
  class space    used 12864K, capacity 14403K, committed 14496K, reserved 1048576K
}

